<?xml version="1.0" encoding="UTF-8"?>
<testsuites name="Mocha Tests" time="4.144" tests="1" failures="0">
  <testsuite name="Root Suite" timestamp="2023-06-25T16:59:23" tests="0" file="cypress/e2e/st002_login.cy.ts" time="0.000" failures="0">
  </testsuite>
  <testsuite name="login" timestamp="2023-06-25T16:59:23" tests="1" time="4.128" failures="0">
    <testcase name="login login to account" time="4.104" classname="login to account">
    </testcase>
  </testsuite>
</testsuites>