<?xml version="1.0" encoding="UTF-8"?>
<testsuites name="Mocha Tests" time="10.965" tests="1" failures="0">
  <testsuite name="Root Suite" timestamp="2023-06-25T17:00:00" tests="0" file="cypress/e2e/st005_delete_post.cy.ts" time="0.000" failures="0">
  </testsuite>
  <testsuite name="delete post" timestamp="2023-06-25T17:00:00" tests="1" time="10.944" failures="0">
    <testcase name="delete post delete existing post" time="10.914" classname="delete existing post">
    </testcase>
  </testsuite>
</testsuites>